FILE_TYPE=LIBRARY_PARTS;
PRIMITIVE 'VLS4020CX_1R5M_H','VLS4020CX_1R5M_H_Other';
  PIN
    '1':
      PIN_NUMBER='(1)';
      NO_LOAD_CHECK=BOTH;
      NO_IO_CHECK=BOTH;
      ALLOW_CONNECT=TRUE;
      PINUSE='UNSPEC';
    '2':
      PIN_NUMBER='(2)';
      NO_LOAD_CHECK=BOTH;
      NO_IO_CHECK=BOTH;
      ALLOW_CONNECT=TRUE;
      PINUSE='UNSPEC';
  END_PIN;
  BODY
    PART_NAME='VLS4020CX_1R5M_H';
    PHYS_DES_PREFIX='L';
    NO_LOAD_CHECK='TRUE';
    PIN_COUNT='2';
    BODY_NAME='VLS4020CX_1R5M_H';
    JEDEC_TYPE='VLS4020CX1R5MH';
  END_BODY;
END_PRIMITIVE;
END.
