FILE_TYPE=LIBRARY_PARTS;
PRIMITIVE '833H_1C_F_S_24VDC','833H_1C_F_S_24VDC_Other';
  PIN
    'COIL_1':
      PIN_NUMBER='(1)';
      NO_LOAD_CHECK=BOTH;
      NO_IO_CHECK=BOTH;
      ALLOW_CONNECT=TRUE;
      PINUSE='UNSPEC';
    'NC':
      PIN_NUMBER='(2)';
      NO_LOAD_CHECK=BOTH;
      NO_IO_CHECK=BOTH;
      ALLOW_CONNECT=TRUE;
      PINUSE='NC';
    'NO':
      PIN_NUMBER='(3)';
      NO_LOAD_CHECK=BOTH;
      NO_IO_CHECK=BOTH;
      ALLOW_CONNECT=TRUE;
      PINUSE='UNSPEC';
    'COIL_2':
      PIN_NUMBER='(4)';
      NO_LOAD_CHECK=BOTH;
      NO_IO_CHECK=BOTH;
      ALLOW_CONNECT=TRUE;
      PINUSE='UNSPEC';
    'COM':
      PIN_NUMBER='(5)';
      NO_LOAD_CHECK=BOTH;
      NO_IO_CHECK=BOTH;
      ALLOW_CONNECT=TRUE;
      PINUSE='UNSPEC';
  END_PIN;
  BODY
    PART_NAME='833H_1C_F_S_24VDC';
    PHYS_DES_PREFIX='K';
    NO_LOAD_CHECK='TRUE';
    PIN_COUNT='5';
    BODY_NAME='833H_1C_F_S_24VDC';
    JEDEC_TYPE='833H1CFS24VDC';
  END_BODY;
END_PRIMITIVE;
END.
